2025-05-25 23:55:54,404 [INFO] Fetching video.mp4
2025-05-25 23:55:54,676 [INFO] Fetching video.mp4
2025-05-25 23:55:54,773 [INFO] Fetching video.mp4
2025-05-25 23:55:55,012 [INFO] Fetching video.mp4
2025-05-25 23:55:55,140 [INFO] Fetching video.mp4
2025-05-25 23:55:55,330 [INFO] Fetching video.mp4
2025-05-25 23:55:55,460 [INFO] Fetching video.mp4
2025-05-25 23:55:55,651 [INFO] Fetching video.mp4
2025-05-25 23:55:55,778 [INFO] Fetching video.mp4
2025-05-25 23:55:55,970 [INFO] Fetching video.mp4
2025-05-25 23:57:54,510 [INFO] Fetching video.mp4
2025-05-25 23:57:54,536 [INFO] Fetching video.mp4
2025-05-25 23:57:54,782 [INFO] Fetching video.mp4
2025-05-25 23:57:55,198 [INFO] Fetching video.mp4
2025-05-25 23:57:55,471 [INFO] Fetching video.mp4
2025-05-25 23:58:06,999 [INFO] Fetching video.mp4
2025-05-25 23:58:09,669 [INFO] Fetching video.mp4
2025-05-25 23:58:09,925 [INFO] Fetching video.mp4
2025-05-25 23:58:14,205 [INFO] Fetching video.mp4
2025-05-25 23:58:15,240 [INFO] Fetching video.mp4
2025-05-26 00:00:16,275 [INFO] Successfully uploaded Videos/e2efcf47dfcf4eefaab3160cadb7b505
2025-05-26 00:09:01,504 [INFO] Fetching video.mp4
2025-05-26 00:09:03,556 [INFO] Fetching e2efcf47dfcf4eefaab3160cadb7b505.mp4
2025-05-26 00:09:03,874 [INFO] Fetching e2efcf47dfcf4eefaab3160cadb7b505.mp4
2025-05-26 00:09:04,289 [INFO] Fetching e2efcf47dfcf4eefaab3160cadb7b505.mp4
2025-05-26 00:09:04,563 [INFO] Fetching e2efcf47dfcf4eefaab3160cadb7b505.mp4
2025-05-26 00:09:04,628 [INFO] Fetching e2efcf47dfcf4eefaab3160cadb7b505.mp4
2025-05-26 00:09:24,083 [INFO] Fetching e2efcf47dfcf4eefaab3160cadb7b505.mp4
2025-05-26 01:02:00,638 [INFO] Successfully uploaded Videos/e9af0c6c38c64db190b5d36894fe3add.mp4
2025-05-26 01:02:28,591 [INFO] Successfully uploaded Videos/8df42af7793040fd9087e076ec01aa26.mp4
2025-05-26 01:03:30,581 [INFO] Successfully uploaded Videos/37dc01c6058b49a48ce671e1009c43f2.mp4
2025-05-26 01:03:32,634 [INFO] Successfully uploaded Videos/05752914a5c64596991e712a76c21afc.mp4
2025-05-26 01:12:45,045 [INFO] Successfully uploaded Videos/b879e4033afc4b3289559643e604eec0.mp4
2025-05-26 01:13:03,953 [INFO] Successfully uploaded Videos/f1c879856397424598762e0c02d9d8bf.mp4
2025-05-26 01:13:28,924 [INFO] Successfully uploaded Videos/f01bc3797fda49439512fd35043bcc71.mp4
2025-05-26 01:59:47,775 [INFO] Successfully uploaded Videos/1139cb62b6464c3ebc86e37553289fbd.mp4
2025-05-26 01:59:51,102 [INFO] Successfully uploaded Videos/b08ebbf2cfc0440fb9fe7d170624f9da.mp4
2025-05-26 01:59:51,911 [INFO] Successfully uploaded Videos/9f21004cde644353a746ae40a225b341.mp4
2025-05-26 01:59:53,060 [INFO] Successfully uploaded Videos/9fab27f1cd364c808b76382b74d78893.mp4
2025-05-26 02:00:04,643 [INFO] Successfully uploaded Videos/3e1293adb1a14859904bf16c2636f098.mp4
2025-05-26 02:00:05,679 [INFO] Successfully uploaded Videos/abf53c6a70f14715ab43ab229cf6d370.mp4
2025-05-26 02:00:06,726 [INFO] Successfully uploaded Videos/f5cd9a749fe64c6a89ac2a0d8dee185f.mp4
2025-05-26 02:00:11,327 [INFO] Successfully uploaded Videos/9fb11b5d27664847837dadd1da5dff30.mp4
2025-05-26 02:03:12,630 [INFO] Successfully uploaded Videos/02dcdf0d146e4f23b621f7a41b334a4e.mp4
2025-05-26 02:03:14,021 [INFO] Successfully uploaded Videos/73d5aee14dc04da49887ba900853f200.mp4
2025-05-26 02:03:16,533 [INFO] Successfully uploaded Videos/55068fb4431147a0a2ed6e15b9f6face.mp4
2025-05-26 02:03:17,868 [INFO] Successfully uploaded Videos/be9355c165f7467788f206468e819554.mp4
2025-05-26 02:03:21,138 [INFO] Successfully uploaded Videos/c2e36e6db9ff4d8ab48060bab73e0ee7.mp4
2025-05-26 02:03:25,811 [INFO] Successfully uploaded Videos/814b0f4ceba14771be73fb87133af3d4.mp4
2025-05-26 02:03:29,241 [INFO] Successfully uploaded Videos/a6584f3d0f7a4ff791fe48f91b8b5fd0.mp4
2025-05-26 02:03:32,116 [INFO] Successfully uploaded Videos/9ce138f8e77042b1ad006eab48143d8d.mp4
2025-05-26 02:03:35,945 [INFO] Successfully uploaded Videos/905fa8310ed04c1fb66ed5f8962beba1.mp4
2025-05-26 02:07:03,471 [INFO] Successfully uploaded Videos/1223f116f1a64e9198014456b7c2bff9.mp4
2025-05-26 02:07:05,246 [INFO] Successfully uploaded Videos/cfad3204b92445dc8288090714bf09fa.mp4
2025-05-26 02:07:06,204 [INFO] Successfully uploaded Videos/1a5d950d63d544aa90c1c02b77df0cfa.mp4
2025-05-26 02:07:10,555 [INFO] Successfully uploaded Videos/957eb4f7590e43109d42a9e89b00eb75.mp4
2025-05-26 02:07:20,924 [INFO] Successfully uploaded Videos/c7ce931dbcd9407e9641394481947edc.mp4
2025-05-26 02:07:23,882 [INFO] Successfully uploaded Videos/31f57f802c8f4a5ea9580abc22bfe973.mp4
2025-05-26 02:07:28,560 [INFO] Successfully uploaded Videos/6520dc5162e64ac397be5d2222a53ad2.mp4
2025-05-26 02:08:11,326 [INFO] Saving 0 files to mega!
2025-05-26 02:08:11,468 [INFO] Successfully uploaded Videos/3086b33a44ff48f4a7333930e0a147ba.mp4
2025-05-26 02:08:42,182 [INFO] Successfully uploaded Videos/9949902e12d2475e96a3a59ec5f6b151.mp4
2025-05-26 02:08:43,224 [INFO] Successfully uploaded Videos/73f63f850b79461d9facc5f2667580bc.mp4
2025-05-26 02:08:44,063 [INFO] Successfully uploaded Videos/d3ed493a509443678971d0af5322dfcc.mp4
2025-05-26 02:10:00,970 [INFO] Successfully uploaded Videos/e7ff4600378345f6a27637093f3926e2.mp4
2025-05-26 02:10:15,714 [INFO] Successfully uploaded Videos/7291dae5a19f41ab8aa896732b1ca3e4.mp4
2025-05-26 02:11:15,172 [INFO] Successfully uploaded Videos/d67712b5a31b4b02a7d2f0a4d790f436.mp4
2025-05-26 02:11:19,493 [INFO] Successfully uploaded Videos/b73dbcfb47c54b0eb5b3c5d0ac9c579e.mp4
2025-05-26 02:13:32,466 [INFO] Saving 4 files to mega!
2025-05-26 02:13:32,594 [INFO] Successfully uploaded Videos/255cd5b2d4ab42718be15006aad57d96.mp4
2025-05-26 02:17:39,915 [INFO] ✅ Videos/7291dae5a19f41ab8aa896732b1ca3e4.mp4 uploaded to mega
2025-05-26 02:17:39,916 [INFO] ✅ Videos/b73dbcfb47c54b0eb5b3c5d0ac9c579e.mp4 uploaded to mega
2025-05-26 02:17:39,916 [INFO] ✅ Videos/e7ff4600378345f6a27637093f3926e2.mp4 uploaded to mega
2025-05-26 02:17:39,916 [INFO] ✅ Videos/d67712b5a31b4b02a7d2f0a4d790f436.mp4 uploaded to mega
2025-05-26 02:19:42,844 [INFO] Successfully uploaded Videos/ae38cefda798406498d3094c1f9d3406.mp4
